<?xml version="1.0" encoding="UTF-8"?>
<!-- Generated by org.testng.reporters.JUnitXMLReporter -->
<testsuite ignored="0" hostname="BOOK-8LL97F4QKR" failures="1" tests="1" name="Test2" time="0.08" errors="0" timestamp="2025-01-09T06:37:33 IST">
  <testcase classname="testCases.TC001_AccountRegistrationPage" name="AccountRegPag" time="0.035">
    <failure type="java.lang.AssertionError" message="null">
      <![CDATA[java.lang.AssertionError: null
at testCases.TC001_AccountRegistrationPage.AccountRegPag(TC001_AccountRegistrationPage.java:44)
at java.base/java.util.ArrayList.forEach(ArrayList.java:1597)
... Removed 27 stack frames]]>
    </failure>
  </testcase> <!-- AccountRegPag -->
</testsuite> <!-- Test2 -->
