<?xml version="1.0" encoding="UTF-8"?>
<!-- Generated by org.testng.reporters.JUnitXMLReporter -->
<testsuite ignored="1" hostname="BOOK-8LL97F4QKR" failures="1" tests="1" name="Test" time="0.074" errors="0" timestamp="2025-01-09T06:39:42 IST">
  <testcase classname="testCases.TC001_AccountRegistrationPage" name="AccountRegPag" time="0.032">
    <failure type="java.lang.AssertionError" message="null">
      <![CDATA[java.lang.AssertionError: null
at testCases.TC001_AccountRegistrationPage.AccountRegPag(TC001_AccountRegistrationPage.java:44)
at java.base/java.util.ArrayList.forEach(ArrayList.java:1597)
... Removed 27 stack frames]]>
    </failure>
  </testcase> <!-- AccountRegPag -->
  <testcase classname="testCases.TC002_LoginPage" name="VerifyLogin" time="0.0">
    <ignored/>
  </testcase> <!-- VerifyLogin -->
</testsuite> <!-- Test -->
